Building DAG of jobs...
Using shell: /usr/bin/bash
Provided cluster nodes: 4
Job stats:
job                                 count
--------------------------------  -------
all                                     1
bwa_mem                               233
concat_parsed_tables                   25
count_false_positive_alignments        25
gather_false_positive_alignments        1
gen_paired_reads                        3
make_bins                               1
make_bins_per_contig                   25
make_false_positive_bed                25
parse_alignments                      233
profile_nuc_content                     1
split_paired_reads                      9
total                                 582

Select jobs to execute...

[Sat May 11 16:33:42 2024]
rule bwa_mem:
    input: original_fasta/chm13v2.0.fa, synthetic_reads/chr2/forward_split/00020.fasta, synthetic_reads/chr2/reverse_split/00020.fasta, original_fasta/chm13v2.0.fa.amb, original_fasta/chm13v2.0.fa.ann, original_fasta/chm13v2.0.fa.bwt, original_fasta/chm13v2.0.fa.pac, original_fasta/chm13v2.0.fa.sa
    output: synthetic_reads/chr2/aligned/00020.sam
    log: synthetic_reads/chr2/aligned/00020.log
    jobid: 263
    benchmark: synthetic_reads/chr2/aligned/00020.benchmark.txt
    reason: Missing output files: synthetic_reads/chr2/aligned/00020.sam
    wildcards: contig=chr2, chunk=00020
    threads: 8
    resources: mem_mb=24000, mem_mib=22889, disk_mb=22872, disk_mib=21813, tmpdir=<TBD>

Submitted job 263 with external jobid 'Submitted batch job 38080238'.

[Sat May 11 16:33:42 2024]
rule bwa_mem:
    input: original_fasta/chm13v2.0.fa, synthetic_reads/chr9/forward_split/00007.fasta, synthetic_reads/chr9/reverse_split/00007.fasta, original_fasta/chm13v2.0.fa.amb, original_fasta/chm13v2.0.fa.ann, original_fasta/chm13v2.0.fa.bwt, original_fasta/chm13v2.0.fa.pac, original_fasta/chm13v2.0.fa.sa
    output: synthetic_reads/chr9/aligned/00007.sam
    log: synthetic_reads/chr9/aligned/00007.log
    jobid: 503
    benchmark: synthetic_reads/chr9/aligned/00007.benchmark.txt
    reason: Missing output files: synthetic_reads/chr9/aligned/00007.sam
    wildcards: contig=chr9, chunk=00007
    threads: 8
    resources: mem_mb=24000, mem_mib=22889, disk_mb=22834, disk_mib=21777, tmpdir=<TBD>

Submitted job 503 with external jobid 'Submitted batch job 38080239'.

[Sat May 11 16:33:42 2024]
rule bwa_mem:
    input: original_fasta/chm13v2.0.fa, synthetic_reads/chr9/forward_split/00006.fasta, synthetic_reads/chr9/reverse_split/00006.fasta, original_fasta/chm13v2.0.fa.amb, original_fasta/chm13v2.0.fa.ann, original_fasta/chm13v2.0.fa.bwt, original_fasta/chm13v2.0.fa.pac, original_fasta/chm13v2.0.fa.sa
    output: synthetic_reads/chr9/aligned/00006.sam
    log: synthetic_reads/chr9/aligned/00006.log
    jobid: 501
    benchmark: synthetic_reads/chr9/aligned/00006.benchmark.txt
    reason: Missing output files: synthetic_reads/chr9/aligned/00006.sam
    wildcards: contig=chr9, chunk=00006
    threads: 8
    resources: mem_mb=24000, mem_mib=22889, disk_mb=22834, disk_mib=21777, tmpdir=<TBD>

Submitted job 501 with external jobid 'Submitted batch job 38080240'.

[Sat May 11 16:33:43 2024]
rule bwa_mem:
    input: original_fasta/chm13v2.0.fa, synthetic_reads/chr10/forward_split/00009.fasta, synthetic_reads/chr10/reverse_split/00009.fasta, original_fasta/chm13v2.0.fa.amb, original_fasta/chm13v2.0.fa.ann, original_fasta/chm13v2.0.fa.bwt, original_fasta/chm13v2.0.fa.pac, original_fasta/chm13v2.0.fa.sa
    output: synthetic_reads/chr10/aligned/00009.sam
    log: synthetic_reads/chr10/aligned/00009.log
    jobid: 83
    benchmark: synthetic_reads/chr10/aligned/00009.benchmark.txt
    reason: Missing output files: synthetic_reads/chr10/aligned/00009.sam
    wildcards: contig=chr10, chunk=00009
    threads: 8
    resources: mem_mb=24000, mem_mib=22889, disk_mb=22872, disk_mib=21813, tmpdir=<TBD>

Submitted job 83 with external jobid 'Submitted batch job 38080241'.
[Sat May 11 16:46:22 2024]
Finished job 263.
1 of 582 steps (0.2%) done
Select jobs to execute...

[Sat May 11 16:46:22 2024]
rule bwa_mem:
    input: original_fasta/chm13v2.0.fa, synthetic_reads/chr10/forward_split/00004.fasta, synthetic_reads/chr10/reverse_split/00004.fasta, original_fasta/chm13v2.0.fa.amb, original_fasta/chm13v2.0.fa.ann, original_fasta/chm13v2.0.fa.bwt, original_fasta/chm13v2.0.fa.pac, original_fasta/chm13v2.0.fa.sa
    output: synthetic_reads/chr10/aligned/00004.sam
    log: synthetic_reads/chr10/aligned/00004.log
    jobid: 73
    benchmark: synthetic_reads/chr10/aligned/00004.benchmark.txt
    reason: Missing output files: synthetic_reads/chr10/aligned/00004.sam
    wildcards: contig=chr10, chunk=00004
    threads: 8
    resources: mem_mb=24000, mem_mib=22889, disk_mb=22872, disk_mib=21813, tmpdir=<TBD>

Submitted job 73 with external jobid 'Submitted batch job 38081296'.
[Sat May 11 16:52:02 2024]
Error in rule bwa_mem:
    jobid: 73
    input: original_fasta/chm13v2.0.fa, synthetic_reads/chr10/forward_split/00004.fasta, synthetic_reads/chr10/reverse_split/00004.fasta, original_fasta/chm13v2.0.fa.amb, original_fasta/chm13v2.0.fa.ann, original_fasta/chm13v2.0.fa.bwt, original_fasta/chm13v2.0.fa.pac, original_fasta/chm13v2.0.fa.sa
    output: synthetic_reads/chr10/aligned/00004.sam
    log: synthetic_reads/chr10/aligned/00004.log (check log file(s) for error details)
    shell:
        
        set -euo pipefail 

        module load gcc/6.2.0 bwa/0.7.17 samtools/1.13 sambamba/0.7.1 

        ulimit -S -n 4096 

        bwa mem -t 8             -v 3             -M             -K 100000000             -o 'synthetic_reads/chr10/aligned/00004.sam'             original_fasta/chm13v2.0.fa 'synthetic_reads/chr10/forward_split/00004.fasta' 'synthetic_reads/chr10/reverse_split/00004.fasta' >& 'synthetic_reads/chr10/aligned/00004.log'
        
        (one of the commands exited with non-zero exit code; note that snakemake uses bash strict mode!)
    cluster_jobid: Submitted batch job 38081296

Error executing rule bwa_mem on cluster (jobid: 73, external: Submitted batch job 38081296, jobscript: /n/scratch/users/b/boj924/SCAN2-joe/.snakemake/tmp.gp8d22vh/snakejob.bwa_mem.73.sh). For error details see the cluster log and the log files of the involved rule(s).
[Sat May 11 16:53:32 2024]
Finished job 83.
2 of 582 steps (0.3%) done
[Sat May 11 17:56:26 2024]
Finished job 503.
3 of 582 steps (1%) done
[Sat May 11 18:24:08 2024]
Finished job 501.
4 of 582 steps (1%) done
Shutting down, this might take some time.
Exiting because a job execution failed. Look above for error message
Complete log: .snakemake/log/2024-05-11T163335.896539.snakemake.log
