Building DAG of jobs...
Using shell: /usr/bin/bash
Provided cluster nodes: 4
Job stats:
job                                 count
--------------------------------  -------
all                                     1
bwa_mem                               318
concat_parsed_tables                   25
count_false_positive_alignments        25
gather_false_positive_alignments        1
make_bins                               1
make_bins_per_contig                   25
make_false_positive_bed                25
parse_alignments                      328
profile_nuc_content                     1
total                                 750

Select jobs to execute...

[Fri May 17 09:54:57 2024]
rule bwa_mem:
    input: original_fasta/chm13v2.0.fa, synthetic_reads/chr21/forward_split/00000.fasta, synthetic_reads/chr21/reverse_split/00000.fasta, original_fasta/chm13v2.0.fa.amb, original_fasta/chm13v2.0.fa.ann, original_fasta/chm13v2.0.fa.bwt, original_fasta/chm13v2.0.fa.pac, original_fasta/chm13v2.0.fa.sa
    output: synthetic_reads/chr21/aligned/00000.sam
    log: synthetic_reads/chr21/aligned/00000.log
    jobid: 373
    benchmark: synthetic_reads/chr21/aligned/00000.benchmark.txt
    reason: Missing output files: synthetic_reads/chr21/aligned/00000.sam
    wildcards: contig=chr21, chunk=00000
    threads: 2
    resources: mem_mb=160000, mem_mib=152588, disk_mb=22830, disk_mib=21773, tmpdir=<TBD>

Submitted job 373 with external jobid 'Submitted batch job 38427194'.

[Fri May 17 09:54:57 2024]
rule bwa_mem:
    input: original_fasta/chm13v2.0.fa, synthetic_reads/chr10/forward_split/00004.fasta, synthetic_reads/chr10/reverse_split/00004.fasta, original_fasta/chm13v2.0.fa.amb, original_fasta/chm13v2.0.fa.ann, original_fasta/chm13v2.0.fa.bwt, original_fasta/chm13v2.0.fa.pac, original_fasta/chm13v2.0.fa.sa
    output: synthetic_reads/chr10/aligned/00004.sam
    log: synthetic_reads/chr10/aligned/00004.log
    jobid: 73
    benchmark: synthetic_reads/chr10/aligned/00004.benchmark.txt
    reason: Updated input files: original_fasta/chm13v2.0.fa.ann, original_fasta/chm13v2.0.fa.bwt, original_fasta/chm13v2.0.fa.pac, original_fasta/chm13v2.0.fa.sa, original_fasta/chm13v2.0.fa.amb
    wildcards: contig=chr10, chunk=00004
    threads: 2
    resources: mem_mb=160000, mem_mib=152588, disk_mb=22872, disk_mib=21813, tmpdir=<TBD>

Submitted job 73 with external jobid 'Submitted batch job 38427195'.

[Fri May 17 09:54:57 2024]
rule bwa_mem:
    input: original_fasta/chm13v2.0.fa, synthetic_reads/chr3/forward_split/00016.fasta, synthetic_reads/chr3/reverse_split/00016.fasta, original_fasta/chm13v2.0.fa.amb, original_fasta/chm13v2.0.fa.ann, original_fasta/chm13v2.0.fa.bwt, original_fasta/chm13v2.0.fa.pac, original_fasta/chm13v2.0.fa.sa
    output: synthetic_reads/chr3/aligned/00016.sam
    log: synthetic_reads/chr3/aligned/00016.log
    jobid: 431
    benchmark: synthetic_reads/chr3/aligned/00016.benchmark.txt
    reason: Missing output files: synthetic_reads/chr3/aligned/00016.sam
    wildcards: contig=chr3, chunk=00016
    threads: 2
    resources: mem_mb=160000, mem_mib=152588, disk_mb=22872, disk_mib=21813, tmpdir=<TBD>

Submitted job 431 with external jobid 'Submitted batch job 38427196'.

[Fri May 17 09:54:57 2024]
rule bwa_mem:
    input: original_fasta/chm13v2.0.fa, synthetic_reads/chr8/forward_split/00006.fasta, synthetic_reads/chr8/reverse_split/00006.fasta, original_fasta/chm13v2.0.fa.amb, original_fasta/chm13v2.0.fa.ann, original_fasta/chm13v2.0.fa.bwt, original_fasta/chm13v2.0.fa.pac, original_fasta/chm13v2.0.fa.sa
    output: synthetic_reads/chr8/aligned/00006.sam
    log: synthetic_reads/chr8/aligned/00006.log
    jobid: 611
    benchmark: synthetic_reads/chr8/aligned/00006.benchmark.txt
    reason: Missing output files: synthetic_reads/chr8/aligned/00006.sam
    wildcards: contig=chr8, chunk=00006
    threads: 2
    resources: mem_mb=160000, mem_mib=152588, disk_mb=22834, disk_mib=21777, tmpdir=<TBD>

Submitted job 611 with external jobid 'Submitted batch job 38427197'.
[Fri May 17 10:06:37 2024]
Error in rule bwa_mem:
    jobid: 73
    input: original_fasta/chm13v2.0.fa, synthetic_reads/chr10/forward_split/00004.fasta, synthetic_reads/chr10/reverse_split/00004.fasta, original_fasta/chm13v2.0.fa.amb, original_fasta/chm13v2.0.fa.ann, original_fasta/chm13v2.0.fa.bwt, original_fasta/chm13v2.0.fa.pac, original_fasta/chm13v2.0.fa.sa
    output: synthetic_reads/chr10/aligned/00004.sam
    log: synthetic_reads/chr10/aligned/00004.log (check log file(s) for error details)
    shell:
        
        module load gcc/6.2.0 bwa/0.7.17
        bwa mem -t 2             -v 3             -M             -K 100000000             -o 'synthetic_reads/chr10/aligned/00004.sam'             original_fasta/chm13v2.0.fa 'synthetic_reads/chr10/forward_split/00004.fasta' 'synthetic_reads/chr10/reverse_split/00004.fasta' >& 'synthetic_reads/chr10/aligned/00004.log'
        
        (one of the commands exited with non-zero exit code; note that snakemake uses bash strict mode!)
    cluster_jobid: Submitted batch job 38427195

Error executing rule bwa_mem on cluster (jobid: 73, external: Submitted batch job 38427195, jobscript: /n/scratch/users/b/boj924/SCAN2-joe/.snakemake/tmp.ny8zhtzo/snakejob.bwa_mem.73.sh). For error details see the cluster log and the log files of the involved rule(s).
[Fri May 17 10:21:18 2024]
Finished job 431.
1 of 750 steps (0.1%) done
[Fri May 17 10:23:58 2024]
Finished job 611.
2 of 750 steps (0.3%) done
[Fri May 17 11:45:33 2024]
Finished job 373.
3 of 750 steps (0.4%) done
Shutting down, this might take some time.
Exiting because a job execution failed. Look above for error message
Complete log: .snakemake/log/2024-05-17T095451.416322.snakemake.log
