Building DAG of jobs...
Using shell: /usr/bin/bash
Provided cluster nodes: 4
Job stats:
job                                 count
--------------------------------  -------
all                                     1
bwa_index                               1
bwa_mem                               328
concat_parsed_tables                   25
count_false_positive_alignments        25
gather_false_positive_alignments        1
make_bins                               1
make_bins_per_contig                   25
make_false_positive_bed                25
parse_alignments                      328
profile_nuc_content                     1
total                                 761

Select jobs to execute...

[Wed May 15 10:56:49 2024]
rule bwa_index:
    input: original_fasta/chm13v2.0.fa
    output: original_fasta/chm13v2.0.fa.amb, original_fasta/chm13v2.0.fa.ann, original_fasta/chm13v2.0.fa.bwt, original_fasta/chm13v2.0.fa.pac, original_fasta/chm13v2.0.fa.sa
    log: original_fasta/bwa_index.log
    jobid: 13
    benchmark: original_fasta/bwa_index.benchmark.txt
    reason: Missing output files: original_fasta/chm13v2.0.fa.sa, original_fasta/chm13v2.0.fa.bwt, original_fasta/chm13v2.0.fa.amb, original_fasta/chm13v2.0.fa.ann, original_fasta/chm13v2.0.fa.pac
    resources: mem_mb=120000, mem_mib=114441, disk_mb=6020, disk_mib=5742, tmpdir=<TBD>

Submitted job 13 with external jobid 'Submitted batch job 38312161'.
[Wed May 15 11:03:29 2024]
Error in rule bwa_index:
    jobid: 13
    input: original_fasta/chm13v2.0.fa
    output: original_fasta/chm13v2.0.fa.amb, original_fasta/chm13v2.0.fa.ann, original_fasta/chm13v2.0.fa.bwt, original_fasta/chm13v2.0.fa.pac, original_fasta/chm13v2.0.fa.sa
    log: original_fasta/bwa_index.log (check log file(s) for error details)
    shell:
        
        /home/boj924/Tools/bwa-mem2-2.2.1_x64-linux/bwa-mem2 index  original_fasta/chm13v2.0.fa >& original_fasta/bwa_index.log
        
        (one of the commands exited with non-zero exit code; note that snakemake uses bash strict mode!)
    cluster_jobid: Submitted batch job 38312161

Error executing rule bwa_index on cluster (jobid: 13, external: Submitted batch job 38312161, jobscript: /n/scratch/users/b/boj924/SCAN2-joe/.snakemake/tmp.udpgciox/snakejob.bwa_index.13.sh). For error details see the cluster log and the log files of the involved rule(s).
Shutting down, this might take some time.
Exiting because a job execution failed. Look above for error message
Complete log: .snakemake/log/2024-05-15T105644.942926.snakemake.log
