Building DAG of jobs...
Using shell: /usr/bin/bash
Provided cluster nodes: 4
Job stats:
job                                 count
--------------------------------  -------
all                                     1
gather_false_positive_alignments        1
make_bins                               1
profile_nuc_content                     1
split_genome_by_contig                  1
total                                   5

Select jobs to execute...

[Sat May 11 12:21:57 2024]
checkpoint split_genome_by_contig:
    input: original_fasta/chm13v2.0.fa
    output: split_genome
    log: split_genome/split_genome_by_contig.log
    jobid: 2
    benchmark: split_genome/split_genome_by_contig.benchmark.txt
    reason: Updated input files: original_fasta/chm13v2.0.fa
    resources: mem_mb=1000, mem_mib=954, disk_mb=6020, disk_mib=5742, tmpdir=<TBD>
DAG of jobs will be updated after completion.

Submitted job 2 with external jobid 'Submitted batch job 38075356'.
[Sat May 11 12:24:37 2024]
Finished job 2.
1 of 5 steps (20%) done
Select jobs to execute...

[Sat May 11 12:24:41 2024]
rule gen_paired_reads:
    input: /home/boj924/scan2_binning/gen_paired_reads, split_genome/chr2.fa
    output: synthetic_reads/chr2/forward.fasta, synthetic_reads/chr2/reverse.fasta
    log: synthetic_reads/chr2/gen_paired_reads.log
    jobid: 58
    benchmark: synthetic_reads/chr2/gen_paired_reads.benchmark.txt
    reason: Updated input files: split_genome/chr2.fa
    wildcards: contig=chr2
    resources: mem_mb=1000, mem_mib=954, disk_mb=1000, disk_mib=954, tmpdir=<TBD>

Submitted job 58 with external jobid 'Submitted batch job 38075360'.

[Sat May 11 12:24:42 2024]
rule gen_paired_reads:
    input: /home/boj924/scan2_binning/gen_paired_reads, split_genome/chr8.fa
    output: synthetic_reads/chr8/forward.fasta, synthetic_reads/chr8/reverse.fasta
    log: synthetic_reads/chr8/gen_paired_reads.log
    jobid: 127
    benchmark: synthetic_reads/chr8/gen_paired_reads.benchmark.txt
    reason: Missing output files: synthetic_reads/chr8/forward.fasta
    wildcards: contig=chr8
    resources: mem_mb=1000, mem_mib=954, disk_mb=1000, disk_mib=954, tmpdir=<TBD>

Submitted job 127 with external jobid 'Submitted batch job 38075362'.

[Sat May 11 12:24:42 2024]
rule gen_paired_reads:
    input: /home/boj924/scan2_binning/gen_paired_reads, split_genome/chr5.fa
    output: synthetic_reads/chr5/forward.fasta, synthetic_reads/chr5/reverse.fasta
    log: synthetic_reads/chr5/gen_paired_reads.log
    jobid: 82
    benchmark: synthetic_reads/chr5/gen_paired_reads.benchmark.txt
    reason: Updated input files: split_genome/chr5.fa
    wildcards: contig=chr5
    resources: mem_mb=1000, mem_mib=954, disk_mb=1000, disk_mib=954, tmpdir=<TBD>

Submitted job 82 with external jobid 'Submitted batch job 38075363'.

[Sat May 11 12:24:42 2024]
rule gen_paired_reads:
    input: /home/boj924/scan2_binning/gen_paired_reads, split_genome/chr11.fa
    output: synthetic_reads/chr11/forward.fasta, synthetic_reads/chr11/reverse.fasta
    log: synthetic_reads/chr11/gen_paired_reads.log
    jobid: 22
    benchmark: synthetic_reads/chr11/gen_paired_reads.benchmark.txt
    reason: Updated input files: split_genome/chr11.fa
    wildcards: contig=chr11
    resources: mem_mb=1000, mem_mib=954, disk_mb=1000, disk_mib=954, tmpdir=<TBD>

Submitted job 22 with external jobid 'Submitted batch job 38075364'.
[Sat May 11 12:40:39 2024]
Finished job 22.
2 of 199 steps (1%) done
Select jobs to execute...

[Sat May 11 12:40:39 2024]
rule gen_paired_reads:
    input: /home/boj924/scan2_binning/gen_paired_reads, split_genome/chr18.fa
    output: synthetic_reads/chr18/forward.fasta, synthetic_reads/chr18/reverse.fasta
    log: synthetic_reads/chr18/gen_paired_reads.log
    jobid: 50
    benchmark: synthetic_reads/chr18/gen_paired_reads.benchmark.txt
    reason: Missing output files: synthetic_reads/chr18/forward.fasta
    wildcards: contig=chr18
    resources: mem_mb=1000, mem_mib=954, disk_mb=1000, disk_mib=954, tmpdir=<TBD>

Submitted job 50 with external jobid 'Submitted batch job 38075690'.
[Sat May 11 12:41:39 2024]
Finished job 127.
3 of 199 steps (2%) done
Select jobs to execute...

[Sat May 11 12:41:39 2024]
checkpoint split_paired_reads:
    input: synthetic_reads/chr8/forward.fasta
    output: synthetic_reads/chr8/forward_split
    log: synthetic_reads/chr8/split_paired_reads_forward.log
    jobid: 126
    benchmark: synthetic_reads/chr8/split_paired_reads_forward.benchmark.txt
    reason: Missing output files: synthetic_reads/chr8/forward_split; Input files updated by another job: synthetic_reads/chr8/forward.fasta
    wildcards: contig=chr8, direction=forward
    resources: mem_mb=500, mem_mib=477, disk_mb=46933, disk_mib=44759, tmpdir=<TBD>
DAG of jobs will be updated after completion.

Submitted job 126 with external jobid 'Submitted batch job 38075694'.
[Sat May 11 12:44:19 2024]
Finished job 126.
4 of 199 steps (2%) done
Select jobs to execute...

[Sat May 11 12:44:19 2024]
checkpoint split_paired_reads:
    input: synthetic_reads/chr8/reverse.fasta
    output: synthetic_reads/chr8/reverse_split
    log: synthetic_reads/chr8/split_paired_reads_reverse.log
    jobid: 230
    benchmark: synthetic_reads/chr8/split_paired_reads_reverse.benchmark.txt
    reason: Missing output files: synthetic_reads/chr8/reverse_split
    wildcards: contig=chr8, direction=reverse
    resources: mem_mb=500, mem_mib=477, disk_mb=46933, disk_mib=44759, tmpdir=<TBD>
DAG of jobs will be updated after completion.

Submitted job 230 with external jobid 'Submitted batch job 38075714'.
[Sat May 11 12:47:19 2024]
Finished job 82.
5 of 200 steps (2%) done
Select jobs to execute...

[Sat May 11 12:47:19 2024]
rule gen_paired_reads:
    input: /home/boj924/scan2_binning/gen_paired_reads, split_genome/chr21.fa
    output: synthetic_reads/chr21/forward.fasta, synthetic_reads/chr21/reverse.fasta
    log: synthetic_reads/chr21/gen_paired_reads.log
    jobid: 66
    benchmark: synthetic_reads/chr21/gen_paired_reads.benchmark.txt
    reason: Updated input files: split_genome/chr21.fa
    wildcards: contig=chr21
    resources: mem_mb=1000, mem_mib=954, disk_mb=1000, disk_mib=954, tmpdir=<TBD>

Submitted job 66 with external jobid 'Submitted batch job 38075721'.
[Sat May 11 12:47:19 2024]
Finished job 230.
6 of 200 steps (3%) done
Select jobs to execute...

[Sat May 11 12:47:19 2024]
checkpoint split_paired_reads:
    input: synthetic_reads/chr5/reverse.fasta
    output: synthetic_reads/chr5/reverse_split
    log: synthetic_reads/chr5/split_paired_reads_reverse.log
    jobid: 81
    benchmark: synthetic_reads/chr5/split_paired_reads_reverse.benchmark.txt
    reason: Missing output files: synthetic_reads/chr5/reverse_split; Input files updated by another job: synthetic_reads/chr5/reverse.fasta
    wildcards: contig=chr5, direction=reverse
    resources: mem_mb=500, mem_mib=477, disk_mb=58469, disk_mib=55761, tmpdir=<TBD>
DAG of jobs will be updated after completion.

Submitted job 81 with external jobid 'Submitted batch job 38075722'.
[Sat May 11 12:49:19 2024]
Finished job 58.
7 of 230 steps (3%) done
Select jobs to execute...

[Sat May 11 12:49:19 2024]
rule gen_paired_reads:
    input: /home/boj924/scan2_binning/gen_paired_reads, split_genome/chr16.fa
    output: synthetic_reads/chr16/forward.fasta, synthetic_reads/chr16/reverse.fasta
    log: synthetic_reads/chr16/gen_paired_reads.log
    jobid: 42
    benchmark: synthetic_reads/chr16/gen_paired_reads.benchmark.txt
    reason: Missing output files: synthetic_reads/chr16/forward.fasta; Updated input files: split_genome/chr16.fa
    wildcards: contig=chr16
    resources: mem_mb=1000, mem_mib=954, disk_mb=1000, disk_mib=954, tmpdir=<TBD>

Submitted job 42 with external jobid 'Submitted batch job 38075743'.
[Sat May 11 12:49:19 2024]
Finished job 81.
8 of 230 steps (3%) done
Select jobs to execute...

[Sat May 11 12:49:20 2024]
checkpoint split_paired_reads:
    input: synthetic_reads/chr11/reverse.fasta
    output: synthetic_reads/chr11/reverse_split
    log: synthetic_reads/chr11/split_paired_reads_reverse.log
    jobid: 21
    benchmark: synthetic_reads/chr11/split_paired_reads_reverse.benchmark.txt
    reason: Missing output files: synthetic_reads/chr11/reverse_split; Input files updated by another job: synthetic_reads/chr11/reverse.fasta
    wildcards: contig=chr11, direction=reverse
    resources: mem_mb=500, mem_mib=477, disk_mb=43603, disk_mib=41584, tmpdir=<TBD>
DAG of jobs will be updated after completion.

Submitted job 21 with external jobid 'Submitted batch job 38075744'.
[Sat May 11 12:52:19 2024]
Finished job 66.
9 of 268 steps (3%) done
Select jobs to execute...

[Sat May 11 12:52:20 2024]
checkpoint split_paired_reads:
    input: synthetic_reads/chr21/reverse.fasta
    output: synthetic_reads/chr21/reverse_split
    log: synthetic_reads/chr21/split_paired_reads_reverse.log
    jobid: 65
    benchmark: synthetic_reads/chr21/split_paired_reads_reverse.benchmark.txt
    reason: Missing output files: synthetic_reads/chr21/reverse_split; Input files updated by another job: synthetic_reads/chr21/reverse.fasta
    wildcards: contig=chr21, direction=reverse
    resources: mem_mb=500, mem_mib=477, disk_mb=14513, disk_mib=13841, tmpdir=<TBD>
DAG of jobs will be updated after completion.

Submitted job 65 with external jobid 'Submitted batch job 38075761'.
[Sat May 11 12:52:20 2024]
Finished job 21.
10 of 268 steps (4%) done
Select jobs to execute...

[Sat May 11 12:52:20 2024]
rule gen_paired_reads:
    input: /home/boj924/scan2_binning/gen_paired_reads, split_genome/chr15.fa
    output: synthetic_reads/chr15/forward.fasta, synthetic_reads/chr15/reverse.fasta
    log: synthetic_reads/chr15/gen_paired_reads.log
    jobid: 38
    benchmark: synthetic_reads/chr15/gen_paired_reads.benchmark.txt
    reason: Updated input files: split_genome/chr15.fa
    wildcards: contig=chr15
    resources: mem_mb=1000, mem_mib=954, disk_mb=1000, disk_mib=954, tmpdir=<TBD>

Submitted job 38 with external jobid 'Submitted batch job 38075762'.
[Sat May 11 12:53:20 2024]
Finished job 65.
11 of 296 steps (4%) done
Select jobs to execute...

[Sat May 11 12:53:20 2024]
rule gen_paired_reads:
    input: /home/boj924/scan2_binning/gen_paired_reads, split_genome/chr17.fa
    output: synthetic_reads/chr17/forward.fasta, synthetic_reads/chr17/reverse.fasta
    log: synthetic_reads/chr17/gen_paired_reads.log
    jobid: 46
    benchmark: synthetic_reads/chr17/gen_paired_reads.benchmark.txt
    reason: Updated input files: split_genome/chr17.fa
    wildcards: contig=chr17
    resources: mem_mb=1000, mem_mib=954, disk_mb=1000, disk_mib=954, tmpdir=<TBD>

Submitted job 46 with external jobid 'Submitted batch job 38075765'.
[Sat May 11 12:55:00 2024]
Finished job 50.
12 of 306 steps (4%) done
Select jobs to execute...

[Sat May 11 12:55:00 2024]
checkpoint split_paired_reads:
    input: synthetic_reads/chrM/forward.fasta
    output: synthetic_reads/chrM/forward_split
    log: synthetic_reads/chrM/split_paired_reads_forward.log
    jobid: 134
    benchmark: synthetic_reads/chrM/split_paired_reads_forward.benchmark.txt
    reason: Missing output files: synthetic_reads/chrM/forward_split
    wildcards: contig=chrM, direction=forward
    resources: mem_mb=500, mem_mib=477, disk_mb=1000, disk_mib=954, tmpdir=<TBD>
DAG of jobs will be updated after completion.

Submitted job 134 with external jobid 'Submitted batch job 38075768'.
[Sat May 11 12:56:40 2024]
Finished job 134.
13 of 306 steps (4%) done
Select jobs to execute...

[Sat May 11 12:56:40 2024]
rule gen_paired_reads:
    input: /home/boj924/scan2_binning/gen_paired_reads, split_genome/chr1.fa
    output: synthetic_reads/chr1/forward.fasta, synthetic_reads/chr1/reverse.fasta
    log: synthetic_reads/chr1/gen_paired_reads.log
    jobid: 14
    benchmark: synthetic_reads/chr1/gen_paired_reads.benchmark.txt
    reason: Updated input files: split_genome/chr1.fa
    wildcards: contig=chr1
    resources: mem_mb=1000, mem_mib=954, disk_mb=1000, disk_mib=954, tmpdir=<TBD>

Submitted job 14 with external jobid 'Submitted batch job 38075774'.
[Sat May 11 13:01:40 2024]
Finished job 42.
14 of 307 steps (5%) done
Select jobs to execute...

[Sat May 11 13:01:40 2024]
rule gen_paired_reads:
    input: /home/boj924/scan2_binning/gen_paired_reads, split_genome/chr3.fa
    output: synthetic_reads/chr3/forward.fasta, synthetic_reads/chr3/reverse.fasta
    log: synthetic_reads/chr3/gen_paired_reads.log
    jobid: 74
    benchmark: synthetic_reads/chr3/gen_paired_reads.benchmark.txt
    reason: Updated input files: split_genome/chr3.fa
    wildcards: contig=chr3
    resources: mem_mb=1000, mem_mib=954, disk_mb=1000, disk_mib=954, tmpdir=<TBD>

Submitted job 74 with external jobid 'Submitted batch job 38075785'.
[Sat May 11 13:01:40 2024]
Finished job 46.
15 of 307 steps (5%) done
Select jobs to execute...

[Sat May 11 13:01:41 2024]
rule bwa_index:
    input: original_fasta/chm13v2.0.fa
    output: original_fasta/chm13v2.0.fa.amb, original_fasta/chm13v2.0.fa.ann, original_fasta/chm13v2.0.fa.bwt, original_fasta/chm13v2.0.fa.pac, original_fasta/chm13v2.0.fa.sa
    log: original_fasta/bwa_index.log
    jobid: 91
    benchmark: original_fasta/bwa_index.benchmark.txt
    reason: Missing output files: original_fasta/chm13v2.0.fa.bwt, original_fasta/chm13v2.0.fa.sa
    resources: mem_mb=12000, mem_mib=11445, disk_mb=6020, disk_mib=5742, tmpdir=<TBD>

Submitted job 91 with external jobid 'Submitted batch job 38075786'.
[Sat May 11 13:02:00 2024]
Finished job 38.
16 of 307 steps (5%) done
Select jobs to execute...

[Sat May 11 13:02:00 2024]
checkpoint split_paired_reads:
    input: synthetic_reads/chrM/reverse.fasta
    output: synthetic_reads/chrM/reverse_split
    log: synthetic_reads/chrM/split_paired_reads_reverse.log
    jobid: 447
    benchmark: synthetic_reads/chrM/split_paired_reads_reverse.benchmark.txt
    reason: Missing output files: synthetic_reads/chrM/reverse_split
    wildcards: contig=chrM, direction=reverse
    resources: mem_mb=500, mem_mib=477, disk_mb=1000, disk_mib=954, tmpdir=<TBD>
DAG of jobs will be updated after completion.

Submitted job 447 with external jobid 'Submitted batch job 38075790'.
[Sat May 11 13:02:20 2024]
Error in rule bwa_index:
    jobid: 91
    input: original_fasta/chm13v2.0.fa
    output: original_fasta/chm13v2.0.fa.amb, original_fasta/chm13v2.0.fa.ann, original_fasta/chm13v2.0.fa.bwt, original_fasta/chm13v2.0.fa.pac, original_fasta/chm13v2.0.fa.sa
    log: original_fasta/bwa_index.log (check log file(s) for error details)
    shell:
        
        bwa index -b 1000000000 original_fasta/chm13v2.0.fa >& original_fasta/bwa_index.log
        
        (one of the commands exited with non-zero exit code; note that snakemake uses bash strict mode!)
    cluster_jobid: Submitted batch job 38075786

Error executing rule bwa_index on cluster (jobid: 91, external: Submitted batch job 38075786, jobscript: /n/scratch/users/b/boj924/SCAN2-joe/.snakemake/tmp.88rjr40x/snakejob.bwa_index.91.sh). For error details see the cluster log and the log files of the involved rule(s).
Waiting at most 5 seconds for missing files.
MissingOutputException in rule split_paired_reads in file /home/boj924/scan2_binning/Snakefile, line 158:
Job 447  completed successfully, but some output files are missing. Missing files after 5 seconds. This might be due to filesystem latency. If that is the case, consider to increase the wait time with --latency-wait:
synthetic_reads/chrM/reverse_split
synthetic_reads/chrM/split_paired_reads_reverse.benchmark.txt
Removing output files of failed job split_paired_reads since they might be corrupted:
synthetic_reads/chrM/reverse_split
[Sat May 11 13:21:22 2024]
Finished job 14.
17 of 307 steps (6%) done
[Sat May 11 13:21:22 2024]
Finished job 74.
18 of 307 steps (6%) done
Shutting down, this might take some time.
Exiting because a job execution failed. Look above for error message
Complete log: .snakemake/log/2024-05-11T122156.457583.snakemake.log
